<?xml version="1.0" encoding="UTF-8"?>
<!-- Generated by org.testng.reporters.JUnitXMLReporter -->
<testsuite hostname="DESKTOP-K2A62FH" ignored="0" name="TestNGTest1" tests="11" failures="0" timestamp="07 Jun 2022 00:08:18 GMT" time="184.023" errors="0">
  <testcase name="loginTest01" time="6.123" classname="com.testCases.JMB_CALogin_001"/>
  <testcase name="loginTest02" time="1.802" classname="com.testCases.JMB_CALogin_002"/>
  <testcase name="loginTest03" time="1.61" classname="com.testCases.JMB_CALogin_003"/>
  <testcase name="loginTest04" time="1.604" classname="com.testCases.JMB_CALogin_004"/>
  <testcase name="loginTest05" time="2.147" classname="com.testCases.JMB_CALogin_005"/>
  <testcase name="loginTest06" time="2.001" classname="com.testCases.JMB_CALogin_006"/>
  <testcase name="loginTest07" time="1.888" classname="com.testCases.JMB_CALogin_007"/>
  <testcase name="loginTest08" time="1.175" classname="com.testCases.JMB_CALogin_008"/>
  <testcase name="loginTest09" time="1.007" classname="com.testCases.JMB_CALogin_009"/>
  <testcase name="loginTest10" time="5.935" classname="com.testCases.JMB_CALogin_010"/>
  <testcase name="loginTest11" time="1.873" classname="com.testCases.JMB_CALogin_011"/>
</testsuite> <!-- TestNGTest1 -->
