<?xml version="1.0" encoding="UTF-8"?>
<!-- Generated by org.testng.reporters.JUnitXMLReporter -->
<testsuite hostname="DESKTOP-K2A62FH" ignored="0" name="TestNGTest1" tests="10" failures="0" timestamp="05 Jun 2022 00:07:04 GMT" time="171.049" errors="0">
  <testcase name="loginTest01" time="7.114" classname="com.testCases.JMB_CALogin_001"/>
  <testcase name="loginTest02" time="1.366" classname="com.testCases.JMB_CALogin_002"/>
  <testcase name="loginTest03" time="1.442" classname="com.testCases.JMB_CALogin_003"/>
  <testcase name="loginTest04" time="2.089" classname="com.testCases.JMB_CALogin_004"/>
  <testcase name="loginTest05" time="1.682" classname="com.testCases.JMB_CALogin_005"/>
  <testcase name="loginTest06" time="1.928" classname="com.testCases.JMB_CALogin_006"/>
  <testcase name="candidateSignup" time="1.907" classname="com.testCases.JMB_CALogin_007"/>
  <testcase name="candidateSignup" time="1.364" classname="com.testCases.JMB_CALogin_008"/>
  <testcase name="loginTest01" time="5.41" classname="com.testCases.JMB_CALogin_010"/>
  <testcase name="loginTest06" time="3.08" classname="com.testCases.JMB_CALogin_011"/>
</testsuite> <!-- TestNGTest1 -->
